Performing C++ SOURCE FILE Test COMPILER_HAS_DEPRECATED_ATTR failed with the following output:
Change Dir: Z:/Projects/cyclonedds-cxx/build.windows/CMakeFiles/CMakeTmp

Run Build Command(s):C:/Program Files (x86)/Microsoft Visual Studio/2019/Community/MSBuild/Current/Bin/MSBuild.exe cmTC_117f7.vcxproj /p:Configuration=Debug /p:Platform=x64 /p:VisualStudioVersion=16.0 /v:m && Microsoft (R) Build Engine version 16.8.2+25e4d540b for .NET Framework
Copyright (C) Microsoft Corporation. All rights reserved.

  Microsoft (R) C/C++ Optimizing Compiler Version 19.28.29334 for x64
  Copyright (C) Microsoft Corporation.  All rights reserved.
  src.cxx
  cl /c /Zi /W3 /WX- /diagnostics:column /Od /Ob0 /D WIN32 /D _WINDOWS /D COMPILER_HAS_DEPRECATED_ATTR /D "CMAKE_INTDIR=\"Debug\"" /D _MBCS /Gm- /EHsc /RTC1 /MDd /GS /fp:precise /Zc:wchar_t /Zc:forScope /Zc:inline /GR /Fo"cmTC_117f7.dir\Debug\\" /Fd"cmTC_117f7.dir\Debug\vc142.pdb" /Gd /TP /errorReport:queue "Z:\Projects\cyclonedds-cxx\build.windows\CMakeFiles\CMakeTmp\src.cxx"
Z:\Projects\cyclonedds-cxx\build.windows\CMakeFiles\CMakeTmp\src.cxx(1,16): error C2065: '__deprecated__': undeclared identifier [Z:\Projects\cyclonedds-cxx\build.windows\CMakeFiles\CMakeTmp\cmTC_117f7.vcxproj]
Z:\Projects\cyclonedds-cxx\build.windows\CMakeFiles\CMakeTmp\src.cxx(1,31): error C4430: missing type specifier - int assumed. Note: C++ does not support default-int [Z:\Projects\cyclonedds-cxx\build.windows\CMakeFiles\CMakeTmp\cmTC_117f7.vcxproj]
Z:\Projects\cyclonedds-cxx\build.windows\CMakeFiles\CMakeTmp\src.cxx(1,37): error C2448: '__attribute__': function-style initializer appears to be a function definition [Z:\Projects\cyclonedds-cxx\build.windows\CMakeFiles\CMakeTmp\cmTC_117f7.vcxproj]


Source file was:
__attribute__((__deprecated__)) int somefunc() { return 0; }
    int main() { return somefunc();}
Determining if the include file pthread.h exists failed with the following output:
Change Dir: Z:/Projects/cyclonedds-cxx/build.windows/CMakeFiles/CMakeTmp

Run Build Command(s):C:/Program Files (x86)/Microsoft Visual Studio/2019/Community/MSBuild/Current/Bin/MSBuild.exe cmTC_a0d3c.vcxproj /p:Configuration=Debug /p:Platform=x64 /p:VisualStudioVersion=16.0 /v:m && Microsoft (R) Build Engine version 16.8.2+25e4d540b for .NET Framework
Copyright (C) Microsoft Corporation. All rights reserved.

  Microsoft (R) C/C++ Optimizing Compiler Version 19.28.29334 for x64
  Copyright (C) Microsoft Corporation.  All rights reserved.
  CheckIncludeFile.c
  cl /c /Zi /W3 /WX- /diagnostics:column /Od /Ob0 /D WIN32 /D _WINDOWS /D "CMAKE_INTDIR=\"Debug\"" /D _MBCS /Gm- /RTC1 /MDd /GS /fp:precise /Zc:wchar_t /Zc:forScope /Zc:inline /Fo"cmTC_a0d3c.dir\Debug\\" /Fd"cmTC_a0d3c.dir\Debug\vc142.pdb" /Gd /TC /errorReport:queue "Z:\Projects\cyclonedds-cxx\build.windows\CMakeFiles\CMakeTmp\CheckIncludeFile.c"
Z:\Projects\cyclonedds-cxx\build.windows\CMakeFiles\CMakeTmp\CheckIncludeFile.c(1,10): fatal error C1083: Cannot open include file: 'pthread.h': No such file or directory [Z:\Projects\cyclonedds-cxx\build.windows\CMakeFiles\CMakeTmp\cmTC_a0d3c.vcxproj]



